<?xml version="1.0" encoding="UTF-8"?>
<!-- Generated by org.testng.reporters.JUnitReportReporter -->
<testsuite skipped="0" hostname="DESKTOP-GK61F68" name="com.sdet1718.test.TestCase1" tests="1" failures="0" timestamp="2021-08-11T18:40:27 IST" time="0.031" errors="0">
  <testcase name="Testcase1" time="0.031" classname="com.sdet1718.test.TestCase1"/>
  <system-out/>
</testsuite> <!-- com.sdet1718.test.TestCase1 -->
