<?xml version="1.0" encoding="UTF-8"?>
<!-- Generated by org.testng.reporters.JUnitReportReporter -->
<testsuite skipped="1" hostname="DESKTOP-GK61F68" name="com.sdet1718.test.TestCase3" tests="1" failures="0" timestamp="2021-08-11T18:40:27 IST" time="0.003" errors="0">
  <testcase name="Testcase3" time="0.003" classname="com.sdet1718.test.TestCase3">
    <skipped/>
  </testcase> <!-- Testcase3 -->
  <system-out/>
</testsuite> <!-- com.sdet1718.test.TestCase3 -->
